#
# There is insufficient memory for the Java Runtime Environment to continue.
# Native memory allocation (mmap) failed to map 264241152 bytes. Error detail: G1 virtual space
# Possible reasons:
#   The system is out of physical RAM or swap space
#   This process is running with CompressedOops enabled, and the Java Heap may be blocking the growth of the native heap
# Possible solutions:
#   Reduce memory load on the system
#   Increase physical memory or swap space
#   Check if swap backing store is full
#   Decrease Java heap size (-Xmx/-Xms)
#   Decrease number of Java threads
#   Decrease Java thread stack sizes (-Xss)
#   Set larger code cache with -XX:ReservedCodeCacheSize=
#   JVM is running with Zero Based Compressed Oops mode in which the Java heap is
#     placed in the first 32GB address space. The Java Heap base address is the
#     maximum limit for the native heap growth. Please use -XX:HeapBaseMinAddress
#     to set the Java Heap base and to place the Java Heap above 32GB virtual address.
# This output file may be truncated or incomplete.
#
#  Out of Memory Error (os_windows.cpp:3925), pid=1018580, tid=1018632
#
# JRE version:  (21.0.8) (build )
# Java VM: OpenJDK 64-Bit Server VM (21.0.8+-14196175-b1038.72, mixed mode, sharing, tiered, compressed oops, compressed class ptrs, g1 gc, windows-amd64)
# No core dump will be written. Minidumps are not enabled by default on client versions of Windows
#

---------------  S U M M A R Y ------------

Command Line: org.jetbrains.kotlin.cli.jvm.K2JVMCompiler @E:\E-commerce-App\EcommerceApp\android\app\build\20260116_2246054354320616917.compiler.options

Host: 12th Gen Intel(R) Core(TM) i5-1235U, 12 cores, 15G,  Windows 11 , 64 bit Build 26100 (10.0.26100.6725)
Time: Fri Jan 16 13:59:24 2026 India Standard Time elapsed time: 0.015423 seconds (0d 0h 0m 0s)

---------------  T H R E A D  ---------------

Current thread (0x000002c70bace590):  JavaThread "Unknown thread" [_thread_in_vm, id=1018632, stack(0x000000c92d600000,0x000000c92d700000) (1024K)]

Stack: [0x000000c92d600000,0x000000c92d700000]
Native frames: (J=compiled Java code, j=interpreted, Vv=VM code, C=native code)
V  [jvm.dll+0x6d68d9]
V  [jvm.dll+0x866693]
V  [jvm.dll+0x868c4e]
V  [jvm.dll+0x869333]
V  [jvm.dll+0x280566]
V  [jvm.dll+0x6d3195]
V  [jvm.dll+0x6c69ea]
V  [jvm.dll+0x3586db]
V  [jvm.dll+0x360336]
V  [jvm.dll+0x3b23f6]
V  [jvm.dll+0x3b26c8]
V  [jvm.dll+0x32ae6c]
V  [jvm.dll+0x32bb5b]
V  [jvm.dll+0x82e109]
V  [jvm.dll+0x3bf5c8]
V  [jvm.dll+0x817388]
V  [jvm.dll+0x453b6e]
V  [jvm.dll+0x4552d1]
C  [jli.dll+0x52ab]
C  [ucrtbase.dll+0x37b0]
C  [KERNEL32.DLL+0x2e8d7]
C  [ntdll.dll+0x8c53c]


---------------  P R O C E S S  ---------------

Threads class SMR info:
_java_thread_list=0x00007ffab538b988, length=0, elements={
}

Java Threads: ( => current thread )
Total: 0

Other Threads:
  0x000002c70deef320 WorkerThread "GC Thread#0"                     [id=1018636, stack(0x000000c92d700000,0x000000c92d800000) (1024K)]
  0x000002c70deffe80 ConcurrentGCThread "G1 Main Marker"            [id=1018640, stack(0x000000c92d800000,0x000000c92d900000) (1024K)]
  0x000002c70df017c0 WorkerThread "G1 Conc#0"                       [id=1018644, stack(0x000000c92d900000,0x000000c92da00000) (1024K)]

[error occurred during error reporting (printing all threads), id 0xc0000005, EXCEPTION_ACCESS_VIOLATION (0xc0000005) at pc=0x00007ffab4b7ddd7]
VM state: not at safepoint (not fully initialized)

VM Mutex/Monitor currently owned by a thread:  ([mutex/lock_event])
[0x00007ffab53f86b8] Heap_lock - owner thread: 0x000002c70bace590

Heap address: 0x0000000704800000, size: 4024 MB, Compressed Oops mode: Zero based, Oop shift amount: 3

CDS archive(s) mapped at: [0x0000000000000000-0x0000000000000000-0x0000000000000000), size 0, SharedBaseAddress: 0x0000000800000000, ArchiveRelocationMode: 1.
Narrow klass base: 0x0000000000000000, Narrow klass shift: 0, Narrow klass range: 0x0

GC Precious Log:
 CardTable entry size: 512
 Card Set container configuration: InlinePtr #cards 4 size 8 Array Of Cards #cards 16 size 48 Howl #buckets 8 coarsen threshold 3686 Howl Bitmap #cards 512 size 80 coarsen threshold 460 Card regions per heap region 1 cards per card region 4096

Heap:
 garbage-first heap   total 0K, used 0K [0x0000000704800000, 0x0000000800000000)
  region size 2048K, 0 young (0K), 0 survivors (0K)
 Metaspace       used 0K, committed 0K, reserved 0K
  class space    used 0K, committed 0K, reserved 0K

Heap Regions: E=young(eden), S=young(survivor), O=old, HS=humongous(starts), HC=humongous(continues), CS=collection set, F=free, TAMS=top-at-mark-start, PB=parsable bottom

Card table byte_map: [0x000002c720d10000,0x000002c7214f0000] _byte_map_base: 0x000002c71d4ec000

Marking Bits: (CMBitMap*) 0x000002c70deefa20
 Bits: [0x000002c7214f0000, 0x000002c7253d0000)

GC Heap History (0 events):
No events

Dll operation events (1 events):
Event: 0.010 Loaded shared library D:\android\jbr\bin\java.dll

Deoptimization events (0 events):
No events

Classes loaded (0 events):
No events

Classes unloaded (0 events):
No events

Classes redefined (0 events):
No events

Internal exceptions (0 events):
No events

ZGC Phase Switch (0 events):
No events

VM Operations (0 events):
No events

Memory protections (0 events):
No events

Nmethod flushes (0 events):
No events

Events (0 events):
No events


Dynamic libraries:
0x00007ff765980000 - 0x00007ff76598a000 	D:\android\jbr\bin\java.exe
0x00007ffb6b7a0000 - 0x00007ffb6ba08000 	C:\WINDOWS\SYSTEM32\ntdll.dll
0x00007ffb69fa0000 - 0x00007ffb6a069000 	C:\WINDOWS\System32\KERNEL32.DLL
0x00007ffb69170000 - 0x00007ffb69562000 	C:\WINDOWS\System32\KERNELBASE.dll
0x00007ffb68cd0000 - 0x00007ffb68e1b000 	C:\WINDOWS\System32\ucrtbase.dll
0x00007ffb60c20000 - 0x00007ffb60c38000 	D:\android\jbr\bin\jli.dll
0x00007ffb4e450000 - 0x00007ffb4e46b000 	D:\android\jbr\bin\VCRUNTIME140.dll
0x00007ffb6b2a0000 - 0x00007ffb6b465000 	C:\WINDOWS\System32\USER32.dll
0x00007ffb68f50000 - 0x00007ffb68f77000 	C:\WINDOWS\System32\win32u.dll
0x00007ffb69f70000 - 0x00007ffb69f9b000 	C:\WINDOWS\System32\GDI32.dll
0x00007ffb69040000 - 0x00007ffb6916d000 	C:\WINDOWS\System32\gdi32full.dll
0x00007ffb68930000 - 0x00007ffb689d3000 	C:\WINDOWS\System32\msvcp_win.dll
0x00007ffb4a660000 - 0x00007ffb4a8f3000 	C:\WINDOWS\WinSxS\amd64_microsoft.windows.common-controls_6595b64144ccf1df_6.0.26100.6899_none_3e0efeeae32e88c1\COMCTL32.dll
0x00007ffb69a60000 - 0x00007ffb69b09000 	C:\WINDOWS\System32\msvcrt.dll
0x00007ffb6a9d0000 - 0x00007ffb6a9ff000 	C:\WINDOWS\System32\IMM32.DLL
0x00007ffb55cb0000 - 0x00007ffb55cbc000 	D:\android\jbr\bin\vcruntime140_1.dll
0x00007ffb51970000 - 0x00007ffb519fd000 	D:\android\jbr\bin\msvcp140.dll
0x00007ffab4840000 - 0x00007ffab54d6000 	D:\android\jbr\bin\server\jvm.dll
0x00007ffb69570000 - 0x00007ffb69624000 	C:\WINDOWS\System32\ADVAPI32.dll
0x00007ffb69b10000 - 0x00007ffb69bb6000 	C:\WINDOWS\System32\sechost.dll
0x00007ffb6a150000 - 0x00007ffb6a268000 	C:\WINDOWS\System32\RPCRT4.dll
0x00007ffb6b6e0000 - 0x00007ffb6b754000 	C:\WINDOWS\System32\WS2_32.dll
0x00007ffb68790000 - 0x00007ffb687ee000 	C:\WINDOWS\SYSTEM32\POWRPROF.dll
0x00007ffb54140000 - 0x00007ffb5414b000 	C:\WINDOWS\SYSTEM32\VERSION.dll
0x00007ffb5d530000 - 0x00007ffb5d565000 	C:\WINDOWS\SYSTEM32\WINMM.dll
0x00007ffb68770000 - 0x00007ffb68784000 	C:\WINDOWS\SYSTEM32\UMPDC.dll
0x00007ffb67700000 - 0x00007ffb6771b000 	C:\WINDOWS\SYSTEM32\kernel.appcore.dll
0x00007ffb53560000 - 0x00007ffb5356a000 	D:\android\jbr\bin\jimage.dll
0x00007ffb66070000 - 0x00007ffb662b2000 	C:\WINDOWS\SYSTEM32\DBGHELP.DLL
0x00007ffb69bc0000 - 0x00007ffb69f3b000 	C:\WINDOWS\System32\combase.dll
0x00007ffb6a070000 - 0x00007ffb6a147000 	C:\WINDOWS\System32\OLEAUT32.dll
0x00007ffb41390000 - 0x00007ffb413cc000 	C:\WINDOWS\SYSTEM32\dbgcore.DLL
0x00007ffb68e20000 - 0x00007ffb68eb8000 	C:\WINDOWS\System32\bcryptPrimitives.dll
0x00007ffb4bc00000 - 0x00007ffb4bc20000 	D:\android\jbr\bin\java.dll

JVMTI agents: none

dbghelp: loaded successfully - version: 4.0.5 - missing functions: none
symbol engine: initialized successfully - sym options: 0x614 - pdb path: .;D:\android\jbr\bin;C:\WINDOWS\SYSTEM32;C:\WINDOWS\WinSxS\amd64_microsoft.windows.common-controls_6595b64144ccf1df_6.0.26100.6899_none_3e0efeeae32e88c1;D:\android\jbr\bin\server

VM Arguments:
java_command: org.jetbrains.kotlin.cli.jvm.K2JVMCompiler @E:\E-commerce-App\EcommerceApp\android\app\build\20260116_2246054354320616917.compiler.options
java_class_path (initial): C:\Users\vedan\.gradle\caches\modules-2\files-2.1\org.jetbrains.kotlin\kotlin-compiler-embeddable\2.1.20\4ef56b3316798316bfac7a0ae443391c9e900ea1\kotlin-compiler-embeddable-2.1.20.jar;C:\Users\vedan\.gradle\caches\modules-2\files-2.1\org.jetbrains.kotlin\kotlin-stdlib\2.1.20\aa8ca79cd50578314f6d1180c47cbe14c0fee567\kotlin-stdlib-2.1.20.jar;C:\Users\vedan\.gradle\caches\modules-2\files-2.1\org.jetbrains.kotlin\kotlin-script-runtime\2.1.20\f7c623d7f7bdb01f5ccd6b437bc0a937fcd7c57e\kotlin-script-runtime-2.1.20.jar;C:\Users\vedan\.gradle\caches\modules-2\files-2.1\org.jetbrains.kotlin\kotlin-reflect\1.6.10\1cbe9c92c12a94eea200d23c2bbaedaf3daf5132\kotlin-reflect-1.6.10.jar;C:\Users\vedan\.gradle\caches\modules-2\files-2.1\org.jetbrains.kotlin\kotlin-daemon-embeddable\2.1.20\95670fce77befd02a70a0bc3abe8ee4533521334\kotlin-daemon-embeddable-2.1.20.jar;C:\Users\vedan\.gradle\caches\modules-2\files-2.1\org.jetbrains.intellij.deps\trove4j\1.0.20200330\3afb14d5f9ceb459d724e907a21145e8ff394f02\trove4j-1.0.20200330.jar;C:\Users\vedan\.gradle\caches\modules-2\files-2.1\org.jetbrains.kotlinx\kotlinx-coroutines-core-jvm\1.8.0\ac1dc37a30a93150b704022f8d895ee1bd3a36b3\kotlinx-coroutines-core-jvm-1.8.0.jar;C:\Users\vedan\.gradle\caches\modules-2\files-2.1\org.jetbrains\annotations\13.0\919f0dfe192fb4e063e7dacadee7f8bb9a2672a9\annotations-13.0.jar
Launcher Type: SUN_STANDARD

[Global flags]
     intx CICompilerCount                          = 4                                         {product} {ergonomic}
     uint ConcGCThreads                            = 3                                         {product} {ergonomic}
     uint G1ConcRefinementThreads                  = 10                                        {product} {ergonomic}
   size_t G1HeapRegionSize                         = 2097152                                   {product} {ergonomic}
    uintx GCDrainStackTargetSize                   = 64                                        {product} {ergonomic}
   size_t InitialHeapSize                          = 264241152                                 {product} {ergonomic}
   size_t MarkStackSize                            = 4194304                                   {product} {ergonomic}
   size_t MaxHeapSize                              = 4219469824                                {product} {ergonomic}
   size_t MinHeapDeltaBytes                        = 2097152                                   {product} {ergonomic}
   size_t MinHeapSize                              = 8388608                                   {product} {ergonomic}
    uintx NonNMethodCodeHeapSize                   = 5839372                                {pd product} {ergonomic}
    uintx NonProfiledCodeHeapSize                  = 122909434                              {pd product} {ergonomic}
    uintx ProfiledCodeHeapSize                     = 122909434                              {pd product} {ergonomic}
    uintx ReservedCodeCacheSize                    = 251658240                              {pd product} {ergonomic}
     bool SegmentedCodeCache                       = true                                      {product} {ergonomic}
   size_t SoftMaxHeapSize                          = 4219469824                             {manageable} {ergonomic}
     bool UseCompressedOops                        = true                           {product lp64_product} {ergonomic}
     bool UseG1GC                                  = true                                      {product} {ergonomic}
     bool UseLargePagesIndividualAllocation        = false                                  {pd product} {ergonomic}

Logging:
Log output configuration:
 #0: stdout all=warning uptime,level,tags foldmultilines=false
 #1: stderr all=off uptime,level,tags foldmultilines=false

Environment Variables:
JAVA_HOME=C:\Program Files\Java\jdk-17
PATH=C:\Program Files\Common Files\Oracle\Java\javapath;C:\WINDOWS\system32;C:\WINDOWS;C:\WINDOWS\System32\Wbem;C:\WINDOWS\System32\WindowsPowerShell\v1.0\;C:\WINDOWS\System32\OpenSSH\;C:\Program Files\nodejs\;C:\Program Files\Git\cmd;C:\Users\vedan\AppData\Local\Android\Sdk\platform-tools;C:\Users\vedan\AppData\Local\Android\Sdk\emulator;C:\Program Files\Java\jdk-17\bin;C:\Program Files\CMake\bin;C:\Program Files\CMake\bin;C:\Program Files (x86)\Windows Kits\10\Windows Performance Toolkit\;C:\Users\vedan\AppData\Local\Android\Sdk\tools;C:\Users\vedan\AppData\Local\Android\Sdk\tools;C:\Users\vedan\AppData\Local\Microsoft\WindowsApps;C:\Users\vedan\AppData\Roaming\npm;C:\Users\vedan\AppData\Local\Programs\Microsoft VS Code\bin;C:\Program Files\Java\jdk-17\bin;C:\Users\vedan\AppData\Local\Python\bin
USERNAME=vedan
OS=Windows_NT
PROCESSOR_IDENTIFIER=Intel64 Family 6 Model 154 Stepping 4, GenuineIntel
TMP=C:\Users\vedan\AppData\Local\Temp
TEMP=C:\Users\vedan\AppData\Local\Temp




Periodic native trim disabled

JNI global refs:
JNI global refs: 0, weak refs: 0

JNI global refs memory usage: 0, weak refs: 0

Process memory usage:
Resident Set Size: 12944K (0% of 16481336K total physical memory with 1572572K free physical memory)

OOME stack traces (most recent first):
Classloader memory used:

---------------  S Y S T E M  ---------------

OS:
 Windows 11 , 64 bit Build 26100 (10.0.26100.6725)
OS uptime: 19 days 19:25 hours
Hyper-V role detected

CPU: total 12 (initial active 12) (6 cores per cpu, 2 threads per core) family 6 model 154 stepping 4 microcode 0x432, cx8, cmov, fxsr, ht, mmx, 3dnowpref, sse, sse2, sse3, ssse3, sse4.1, sse4.2, popcnt, lzcnt, tsc, tscinvbit, avx, avx2, aes, erms, clmul, bmi1, bmi2, adx, sha, fma, vzeroupper, clflush, clflushopt, clwb, hv, serialize, rdtscp, rdpid, fsrm, f16c, cet_ibt, cet_ss
Processor Information for processor 0
  Max Mhz: 1300, Current Mhz: 1300, Mhz Limit: 1300
Processor Information for processor 1
  Max Mhz: 1300, Current Mhz: 1300, Mhz Limit: 1300
Processor Information for processor 2
  Max Mhz: 1300, Current Mhz: 1300, Mhz Limit: 1300
Processor Information for processor 3
  Max Mhz: 1300, Current Mhz: 1300, Mhz Limit: 1300
Processor Information for processor 4
  Max Mhz: 1300, Current Mhz: 900, Mhz Limit: 897
Processor Information for processor 5
  Max Mhz: 1300, Current Mhz: 900, Mhz Limit: 897
Processor Information for processor 6
  Max Mhz: 1300, Current Mhz: 900, Mhz Limit: 897
Processor Information for processor 7
  Max Mhz: 1300, Current Mhz: 900, Mhz Limit: 897
Processor Information for processor 8
  Max Mhz: 1300, Current Mhz: 900, Mhz Limit: 897
Processor Information for processor 9
  Max Mhz: 1300, Current Mhz: 900, Mhz Limit: 897
Processor Information for processor 10
  Max Mhz: 1300, Current Mhz: 900, Mhz Limit: 897
Processor Information for processor 11
  Max Mhz: 1300, Current Mhz: 900, Mhz Limit: 897

Memory: 4k page, system-wide physical 16095M (1535M free)
TotalPageFile size 29197M (AvailPageFile size 252M)
current process WorkingSet (physical memory assigned to process): 12M, peak: 12M
current process commit charge ("private bytes"): 64M, peak: 316M

vm_info: OpenJDK 64-Bit Server VM (21.0.8+-14196175-b1038.72) for windows-amd64 JRE (21.0.8+-14196175-b1038.72), built on 2025-10-01T10:24:33Z by "builder" with MS VC++ 16.10 / 16.11 (VS2019)

END.
